
> coach-app@0.1.0 build C:\Users\hp\Desktop\coach-app
> next build

▲ Next.js 16.1.1 (Turbopack)
- Environments: .env

  Creating an optimized production build ...
✓ Compiled successfully in 11.6s
  Running TypeScript ...
  Collecting page data using 7 workers ...
  Generating static pages using 7 workers (0/12) ...
  Generating static pages using 7 workers (3/12) 
  Generating static pages using 7 workers (6/12) 
⨯ useSearchParams() should be wrapped in a suspense boundary at page "/reset-password". Read more: https://nextjs.org/docs/messages/missing-suspense-with-csr-bailout
    at Q (C:\Users\hp\Desktop\coach-app\.next\server\chunks\ssr\_02dc80eb._.js:2:2111)
    at o (C:\Users\hp\Desktop\coach-app\.next\server\chunks\ssr\_02dc80eb._.js:4:5284)
    at J (C:\Users\hp\Desktop\coach-app\.next\server\chunks\ssr\components_reset-password-form_tsx_271a0a51._.js:20:2563)
    at an (C:\Users\hp\Desktop\coach-app\node_modules\.pnpm\next@16.1.1_@babel+core@7.2_39b5f7bf9254f45631682e0d132e5fc2\node_modules\next\dist\compiled\next-server\app-page-turbo.runtime.prod.js:2:84360)
    at ai (C:\Users\hp\Desktop\coach-app\node_modules\.pnpm\next@16.1.1_@babel+core@7.2_39b5f7bf9254f45631682e0d132e5fc2\node_modules\next\dist\compiled\next-server\app-page-turbo.runtime.prod.js:2:86179)
    at ai (C:\Users\hp\Desktop\coach-app\node_modules\.pnpm\next@16.1.1_@babel+core@7.2_39b5f7bf9254f45631682e0d132e5fc2\node_modules\next\dist\compiled\next-server\app-page-turbo.runtime.prod.js:2:104708)
    at al (C:\Users\hp\Desktop\coach-app\node_modules\.pnpm\next@16.1.1_@babel+core@7.2_39b5f7bf9254f45631682e0d132e5fc2\node_modules\next\dist\compiled\next-server\app-page-turbo.runtime.prod.js:2:107953)
    at as (C:\Users\hp\Desktop\coach-app\node_modules\.pnpm\next@16.1.1_@babel+core@7.2_39b5f7bf9254f45631682e0d132e5fc2\node_modules\next\dist\compiled\next-server\app-page-turbo.runtime.prod.js:2:105368)
    at am (C:\Users\hp\Desktop\coach-app\node_modules\.pnpm\next@16.1.1_@babel+core@7.2_39b5f7bf9254f45631682e0d132e5fc2\node_modules\next\dist\compiled\next-server\app-page-turbo.runtime.prod.js:2:112882)
    at au (C:\Users\hp\Desktop\coach-app\node_modules\.pnpm\next@16.1.1_@babel+core@7.2_39b5f7bf9254f45631682e0d132e5fc2\node_modules\next\dist\compiled\next-server\app-page-turbo.runtime.prod.js:2:109985)
Error occurred prerendering page "/reset-password". Read more: https://nextjs.org/docs/messages/prerender-error
Export encountered an error on /reset-password/page: /reset-password, exiting the build.
⨯ Next.js build worker exited with code: 1 and signal: null
 ELIFECYCLE  Command failed with exit code 1.
